<?xml version="1.0" encoding="UTF-8"?>
<!-- Generated by org.testng.reporters.JUnitXMLReporter -->
<testsuite ignored="3" hostname="Anish-PC" failures="0" tests="1" name="Default test" time="11865.495" errors="0" timestamp="2023-12-19T17:42:43 CST">
  <testcase classname="com.test.RecipeScrapperTest" name="hyothyriodRecipeTest" time="11853.086"/>
  <testcase classname="com.test.RecipeScrapperTest" name="PCOSRecipeTest" time="0.0">
    <ignored/>
  </testcase> <!-- PCOSRecipeTest -->
  <testcase classname="com.test.RecipeScrapperTest" name="diabeticRecipeTest" time="0.0">
    <ignored/>
  </testcase> <!-- diabeticRecipeTest -->
  <testcase classname="com.test.RecipeScrapperTest" name="HypertensionRecipeTest" time="0.0">
    <ignored/>
  </testcase> <!-- HypertensionRecipeTest -->
</testsuite> <!-- Default test -->
