<?xml version="1.0" encoding="UTF-8"?>
<testng-results ignored="0" total="1" passed="1" failed="0" skipped="0">
  <reporter-output>
  </reporter-output>
  <suite started-at="2023-12-19T14:24:58 CST" name="Default suite" finished-at="2023-12-19T17:42:43 CST" duration-ms="11865495">
    <groups>
    </groups>
    <test started-at="2023-12-19T14:24:58 CST" name="Default test" finished-at="2023-12-19T17:42:43 CST" duration-ms="11865495">
      <class name="com.test.RecipeScrapperTest">
        <test-method is-config="true" signature="launchApplication()[pri:0, instance:com.test.RecipeScrapperTest@3c9754d8]" started-at="2023-12-19T14:24:58 CST" name="launchApplication" finished-at="2023-12-19T14:25:10 CST" duration-ms="12054" status="PASS">
          <reporter-output>
          </reporter-output>
        </test-method> <!-- launchApplication -->
        <test-method signature="hyothyriodRecipeTest()[pri:0, instance:com.test.RecipeScrapperTest@3c9754d8]" started-at="2023-12-19T14:25:10 CST" name="hyothyriodRecipeTest" finished-at="2023-12-19T17:42:43 CST" duration-ms="11853086" status="PASS">
          <reporter-output>
          </reporter-output>
        </test-method> <!-- hyothyriodRecipeTest -->
        <test-method is-config="true" signature="after()[pri:0, instance:com.test.RecipeScrapperTest@3c9754d8]" started-at="2023-12-19T17:42:43 CST" name="after" finished-at="2023-12-19T17:42:43 CST" duration-ms="245" status="PASS">
          <reporter-output>
          </reporter-output>
        </test-method> <!-- after -->
      </class> <!-- com.test.RecipeScrapperTest -->
    </test> <!-- Default test -->
  </suite> <!-- Default suite -->
</testng-results>
